C51 COMPILER V9.01   MAIN                                                                  08/19/2023 22:41:14 PAGE 1   


C51 COMPILER V9.01, COMPILATION OF MODULE MAIN
OBJECT MODULE PLACED IN .\obj\main.obj
COMPILER INVOKED BY: D:\software\keil4.0\C51\BIN\C51.EXE src\main.c BROWSE DEBUG OBJECTEXTEND PRINT(.\obj\main.lst) OBJE
                    -CT(.\obj\main.obj)

line level    source

   1          /*---------------------------------------------------------------------*/
   2          /* --- STC MCU Limited ------------------------------------------------*/
   3          /* --- STC 1T Series MCU Demo Programme -------------------------------*/
   4          /* --- Mobile: (86)13922805190 ----------------------------------------*/
   5          /* --- Fax: 86-0513-55012956,55012947,55012969 ------------------------*/
   6          /* --- Tel: 86-0513-55012928,55012929,55012966 ------------------------*/
   7          /* --- Web: www.STCMCU.com --------------------------------------------*/
   8          /* --- Web: www.STCMCUDATA.com  ---------------------------------------*/
   9          /* --- QQ:  800003751 -------------------------------------------------*/
  10          /* 如果要在程序中使用此代码,请在程序中注明使用了STC的资料及程序        */
  11          /*---------------------------------------------------------------------*/
  12          
  13          /*************  功能说明    **************
  14          
  15          本例程基于STC8H8K64U为主控芯片的实验箱9进行编写测试.
  16          
  17          基于HID协议的USB鼠标范例
  18          
  19          将代码下载到试验箱后即可实现USB鼠标的基本功能
  20          矩阵按键中的KEY0为鼠标左键，KEY1为鼠标中键，KEY2为鼠标右键
  21          矩阵按键中的KEY4为左移，KEY5为右移，KEY6为上移，KEY7为下移
  22          
  23          下载时, 设置IRC工作频率为 24MHz.
  24          
  25          ******************************************/
  26          
  27          #include "stc.h"
  28          #include "usb.h"
  29          #include "usb_req_class.h"
  30          #include "timer.h"
  31          
  32          void sys_init();
  33          
  34          void main()
  35          {
  36   1          sys_init();
  37   1          usb_init();
  38   1          timer_init();
  39   1          
  40   1          EA = 1;
  41   1          
  42   1          while (1)
  43   1          {
  44   2              usb_class_in();
  45   2              
  46   2              if (f1ms)
  47   2              {
  48   3                  f1ms = 0;
  49   3                  scan_key();
  50   3              }
  51   2          }
  52   1      }
  53          
  54          void sys_init()
C51 COMPILER V9.01   MAIN                                                                  08/19/2023 22:41:14 PAGE 2   

  55          {
  56   1              P_SW2 |= 0x80;  //扩展寄存器(XFR)访问使能
  57   1      
  58   1          P3M0 &= ~0x03;
  59   1          P3M1 |= 0x03;
  60   1          
  61   1          IRC48MCR = 0x80;
  62   1          while (!(IRC48MCR & 0x01));
  63   1          
  64   1          USBCLK = 0x00;
  65   1          USBCON = 0x90;
  66   1      }


MODULE INFORMATION:   STATIC OVERLAYABLE
   CODE SIZE        =     53    ----
   CONSTANT SIZE    =   ----    ----
   XDATA SIZE       =   ----    ----
   PDATA SIZE       =   ----    ----
   DATA SIZE        =   ----    ----
   IDATA SIZE       =   ----    ----
   BIT SIZE         =   ----    ----
END OF MODULE INFORMATION.


C51 COMPILATION COMPLETE.  0 WARNING(S),  0 ERROR(S)
